2022-04-05 07:42:28,948:INFO:Initializing load_model()
2022-04-05 07:42:28,948:INFO:load_model(model_name=deployment_28042020, platform=None, authentication=None, verbose=True)
2022-04-05 08:49:50,804:INFO:Initializing load_model()
2022-04-05 08:49:50,805:INFO:load_model(model_name=model, platform=None, authentication=None, verbose=True)
2022-04-05 09:40:09,344:INFO:PyCaret Supervised Module
2022-04-05 09:40:09,345:INFO:ML Usecase: regression
2022-04-05 09:40:09,345:INFO:version 2.2.2
2022-04-05 09:40:09,345:INFO:Initializing setup()
2022-04-05 09:40:09,345:INFO:setup(target=charges, ml_usecase=regression, available_plots={'parameter': 'Hyperparameters', 'residuals': 'Residuals', 'error': 'Prediction Error', 'cooks': 'Cooks Distance', 'rfe': 'Feature Selection', 'learning': 'Learning Curve', 'manifold': 'Manifold Learning', 'vc': 'Validation Curve', 'feature': 'Feature Importance', 'feature_all': 'Feature Importance (All)', 'tree': 'Decision Tree'}, train_size=0.7, test_data=None, preprocess=True, imputation_type=simple, iterative_imputation_iters=5, categorical_features=None, categorical_imputation=constant, categorical_iterative_imputer=lightgbm, ordinal_features=None, high_cardinality_features=None, high_cardinality_method=frequency, numeric_features=None, numeric_imputation=mean, numeric_iterative_imputer=lightgbm, date_features=None, ignore_features=None, normalize=True, normalize_method=zscore, transformation=False, transformation_method=yeo-johnson, handle_unknown_categorical=True, unknown_categorical_method=least_frequent, pca=False, pca_method=linear, pca_components=None, ignore_low_variance=False, combine_rare_levels=False, rare_level_threshold=0.1, bin_numeric_features=['age', 'bmi'], remove_outliers=False, outliers_threshold=0.05, remove_multicollinearity=False, multicollinearity_threshold=0.9, remove_perfect_collinearity=True, create_clusters=False, cluster_iter=20, polynomial_features=True, polynomial_degree=2, trigonometry_features=True, polynomial_threshold=0.1, group_features=None, group_names=None, feature_selection=False, feature_selection_threshold=0.8, feature_selection_method=classic, feature_interaction=True, feature_ratio=False, interaction_threshold=0.01, fix_imbalance=False, fix_imbalance_method=None, transform_target=False, transform_target_method=box-cox, data_split_shuffle=True, data_split_stratify=False, fold_strategy=kfold, fold=10, fold_shuffle=False, fold_groups=None, n_jobs=-1, use_gpu=False, custom_pipeline=None, html=True, session_id=123, log_experiment=False, experiment_name=None, log_plots=False, log_profile=False, log_data=False, silent=False, verbose=True, profile=False, profile_kwargs=None, display=None)
2022-04-05 09:40:09,345:INFO:Checking environment
2022-04-05 09:40:09,345:INFO:python_version: 3.9.7
2022-04-05 09:40:09,345:INFO:python_build: ('default', 'Sep 16 2021 13:09:58')
2022-04-05 09:40:09,345:INFO:machine: x86_64
2022-04-05 09:40:09,358:INFO:platform: Linux-5.4.0-84-generic-x86_64-with-glibc2.27
2022-04-05 09:40:09,358:INFO:Memory: svmem(total=6507855872, available=3409854464, percent=47.6, used=2716299264, free=2432425984, active=2269802496, inactive=1491132416, buffers=83341312, cached=1275789312, shared=112455680, slab=168767488)
2022-04-05 09:40:09,359:INFO:Physical Core: 1
2022-04-05 09:40:09,360:INFO:Logical Core: 1
2022-04-05 09:40:09,360:INFO:Checking libraries
2022-04-05 09:40:09,360:INFO:pd==1.3.4
2022-04-05 09:40:09,360:INFO:numpy==1.20.3
2022-04-05 09:40:09,360:INFO:sklearn==1.0.2
2022-04-05 09:40:09,472:INFO:xgboost==1.4.0
2022-04-05 09:40:09,473:INFO:lightgbm==3.2.1
2022-04-05 09:40:09,691:INFO:catboost==1.0.4
2022-04-05 09:40:10,635:INFO:mlflow==1.24.0
2022-04-05 09:40:10,635:INFO:Checking Exceptions
2022-04-05 09:40:10,636:INFO:Declaring global variables
2022-04-05 09:40:10,636:INFO:USI: 8b21
2022-04-05 09:40:10,637:INFO:pycaret_globals: {'logging_param', 'data_before_preprocess', 'master_model_container', 'X_test', 'display_container', '_available_plots', 'fix_imbalance_method_param', 'y_test', 'stratify_param', 'fold_groups_param', '_gpu_n_jobs_param', 'create_model_container', 'X_train', 'log_plots_param', 'USI', 'y_train', 'html_param', 'target_param', 'exp_name_log', 'pycaret_globals', 'prep_pipe', 'X', 'transform_target_param', 'n_jobs_param', 'fold_shuffle_param', '_ml_usecase', '_all_models_internal', 'gpu_param', 'imputation_classifier', 'experiment__', 'y', 'imputation_regressor', '_internal_pipeline', '_all_metrics', 'fold_generator', 'transform_target_method_param', 'iterative_imputation_iters_param', 'fold_param', '_all_models', 'fix_imbalance_param', 'seed'}
2022-04-05 09:40:10,637:INFO:Preparing display monitor
2022-04-05 09:40:10,637:INFO:Preparing display monitor
2022-04-05 09:40:10,678:INFO:Importing libraries
2022-04-05 09:40:10,678:INFO:Copying data for preprocessing
2022-04-05 09:40:10,698:INFO:Declaring preprocessing parameters
2022-04-05 09:40:10,711:INFO:Creating preprocessing pipeline
2022-04-05 09:40:10,763:INFO:Preprocessing pipeline created successfully
2022-04-05 09:40:10,764:ERROR:(Process Exit): setup has been interupted with user command 'quit'. setup must rerun.
2022-04-05 09:40:10,764:INFO:Creating global containers
2022-04-05 09:42:28,070:INFO:PyCaret Supervised Module
2022-04-05 09:42:28,070:INFO:ML Usecase: regression
2022-04-05 09:42:28,071:INFO:version 2.2.2
2022-04-05 09:42:28,071:INFO:Initializing setup()
2022-04-05 09:42:28,071:INFO:setup(target=charges, ml_usecase=regression, available_plots={'parameter': 'Hyperparameters', 'residuals': 'Residuals', 'error': 'Prediction Error', 'cooks': 'Cooks Distance', 'rfe': 'Feature Selection', 'learning': 'Learning Curve', 'manifold': 'Manifold Learning', 'vc': 'Validation Curve', 'feature': 'Feature Importance', 'feature_all': 'Feature Importance (All)', 'tree': 'Decision Tree'}, train_size=0.7, test_data=None, preprocess=True, imputation_type=simple, iterative_imputation_iters=5, categorical_features=None, categorical_imputation=constant, categorical_iterative_imputer=lightgbm, ordinal_features=None, high_cardinality_features=None, high_cardinality_method=frequency, numeric_features=None, numeric_imputation=mean, numeric_iterative_imputer=lightgbm, date_features=None, ignore_features=None, normalize=True, normalize_method=zscore, transformation=False, transformation_method=yeo-johnson, handle_unknown_categorical=True, unknown_categorical_method=least_frequent, pca=False, pca_method=linear, pca_components=None, ignore_low_variance=False, combine_rare_levels=False, rare_level_threshold=0.1, bin_numeric_features=['age', 'bmi'], remove_outliers=False, outliers_threshold=0.05, remove_multicollinearity=False, multicollinearity_threshold=0.9, remove_perfect_collinearity=True, create_clusters=False, cluster_iter=20, polynomial_features=True, polynomial_degree=2, trigonometry_features=True, polynomial_threshold=0.1, group_features=None, group_names=None, feature_selection=False, feature_selection_threshold=0.8, feature_selection_method=classic, feature_interaction=True, feature_ratio=False, interaction_threshold=0.01, fix_imbalance=False, fix_imbalance_method=None, transform_target=False, transform_target_method=box-cox, data_split_shuffle=True, data_split_stratify=False, fold_strategy=kfold, fold=10, fold_shuffle=False, fold_groups=None, n_jobs=-1, use_gpu=False, custom_pipeline=None, html=True, session_id=123, log_experiment=False, experiment_name=None, log_plots=False, log_profile=False, log_data=False, silent=False, verbose=True, profile=False, profile_kwargs=None, display=None)
2022-04-05 09:42:28,071:INFO:Checking environment
2022-04-05 09:42:28,071:INFO:python_version: 3.9.7
2022-04-05 09:42:28,071:INFO:python_build: ('default', 'Sep 16 2021 13:09:58')
2022-04-05 09:42:28,071:INFO:machine: x86_64
2022-04-05 09:42:28,083:INFO:platform: Linux-5.4.0-84-generic-x86_64-with-glibc2.27
2022-04-05 09:42:28,083:INFO:Memory: svmem(total=6507855872, available=3332218880, percent=48.8, used=2775695360, free=2321309696, active=2425966592, inactive=1444737024, buffers=84238336, cached=1326612480, shared=130674688, slab=168923136)
2022-04-05 09:42:28,085:INFO:Physical Core: 1
2022-04-05 09:42:28,085:INFO:Logical Core: 1
2022-04-05 09:42:28,085:INFO:Checking libraries
2022-04-05 09:42:28,086:INFO:pd==1.3.4
2022-04-05 09:42:28,087:INFO:numpy==1.20.3
2022-04-05 09:42:28,087:INFO:sklearn==1.0.2
2022-04-05 09:42:28,112:INFO:xgboost==1.4.0
2022-04-05 09:42:28,113:INFO:lightgbm==3.2.1
2022-04-05 09:42:28,137:INFO:catboost==1.0.4
2022-04-05 09:42:28,597:INFO:mlflow==1.24.0
2022-04-05 09:42:28,598:INFO:Checking Exceptions
2022-04-05 09:42:28,598:INFO:Declaring global variables
2022-04-05 09:42:28,598:INFO:USI: 8b5b
2022-04-05 09:42:28,598:INFO:pycaret_globals: {'X_train', 'fold_generator', '_ml_usecase', 'target_param', 'fold_groups_param', '_all_models_internal', 'y', 'master_model_container', 'seed', 'log_plots_param', 'create_model_container', 'fold_shuffle_param', 'html_param', 'gpu_param', '_internal_pipeline', 'n_jobs_param', '_gpu_n_jobs_param', 'transform_target_param', 'y_test', 'experiment__', 'transform_target_method_param', 'prep_pipe', 'y_train', 'fix_imbalance_param', '_all_models', 'X_test', '_available_plots', 'USI', 'exp_name_log', 'display_container', 'logging_param', '_all_metrics', 'imputation_classifier', 'stratify_param', 'data_before_preprocess', 'pycaret_globals', 'fold_param', 'fix_imbalance_method_param', 'iterative_imputation_iters_param', 'imputation_regressor', 'X'}
2022-04-05 09:42:28,598:INFO:Preparing display monitor
2022-04-05 09:42:28,599:INFO:Preparing display monitor
2022-04-05 09:42:28,623:INFO:Importing libraries
2022-04-05 09:42:28,624:INFO:Copying data for preprocessing
2022-04-05 09:42:28,635:INFO:Declaring preprocessing parameters
2022-04-05 09:42:28,638:INFO:Creating preprocessing pipeline
2022-04-05 09:42:28,656:INFO:Preprocessing pipeline created successfully
2022-04-05 09:42:28,656:ERROR:(Process Exit): setup has been interupted with user command 'quit'. setup must rerun.
2022-04-05 09:42:28,656:INFO:Creating global containers
2022-04-05 09:43:27,211:INFO:PyCaret Supervised Module
2022-04-05 09:43:27,211:INFO:ML Usecase: regression
2022-04-05 09:43:27,211:INFO:version 2.2.2
2022-04-05 09:43:27,212:INFO:Initializing setup()
2022-04-05 09:43:27,212:INFO:setup(target=charges, ml_usecase=regression, available_plots={'parameter': 'Hyperparameters', 'residuals': 'Residuals', 'error': 'Prediction Error', 'cooks': 'Cooks Distance', 'rfe': 'Feature Selection', 'learning': 'Learning Curve', 'manifold': 'Manifold Learning', 'vc': 'Validation Curve', 'feature': 'Feature Importance', 'feature_all': 'Feature Importance (All)', 'tree': 'Decision Tree'}, train_size=0.7, test_data=None, preprocess=True, imputation_type=simple, iterative_imputation_iters=5, categorical_features=None, categorical_imputation=constant, categorical_iterative_imputer=lightgbm, ordinal_features=None, high_cardinality_features=None, high_cardinality_method=frequency, numeric_features=None, numeric_imputation=mean, numeric_iterative_imputer=lightgbm, date_features=None, ignore_features=None, normalize=True, normalize_method=zscore, transformation=False, transformation_method=yeo-johnson, handle_unknown_categorical=True, unknown_categorical_method=least_frequent, pca=False, pca_method=linear, pca_components=None, ignore_low_variance=False, combine_rare_levels=False, rare_level_threshold=0.1, bin_numeric_features=['age', 'bmi'], remove_outliers=False, outliers_threshold=0.05, remove_multicollinearity=False, multicollinearity_threshold=0.9, remove_perfect_collinearity=True, create_clusters=False, cluster_iter=20, polynomial_features=True, polynomial_degree=2, trigonometry_features=True, polynomial_threshold=0.1, group_features=None, group_names=None, feature_selection=False, feature_selection_threshold=0.8, feature_selection_method=classic, feature_interaction=True, feature_ratio=False, interaction_threshold=0.01, fix_imbalance=False, fix_imbalance_method=None, transform_target=False, transform_target_method=box-cox, data_split_shuffle=True, data_split_stratify=False, fold_strategy=kfold, fold=10, fold_shuffle=True, fold_groups=None, n_jobs=-1, use_gpu=False, custom_pipeline=None, html=True, session_id=123, log_experiment=False, experiment_name=None, log_plots=False, log_profile=False, log_data=False, silent=False, verbose=True, profile=False, profile_kwargs=None, display=None)
2022-04-05 09:43:27,212:INFO:Checking environment
2022-04-05 09:43:27,212:INFO:python_version: 3.9.7
2022-04-05 09:43:27,212:INFO:python_build: ('default', 'Sep 16 2021 13:09:58')
2022-04-05 09:43:27,212:INFO:machine: x86_64
2022-04-05 09:43:27,223:INFO:platform: Linux-5.4.0-84-generic-x86_64-with-glibc2.27
2022-04-05 09:43:27,224:INFO:Memory: svmem(total=6507855872, available=3238457344, percent=50.2, used=2864193536, free=2200326144, active=2540908544, inactive=1450242048, buffers=84725760, cached=1358610432, shared=135909376, slab=169193472)
2022-04-05 09:43:27,225:INFO:Physical Core: 1
2022-04-05 09:43:27,226:INFO:Logical Core: 1
2022-04-05 09:43:27,226:INFO:Checking libraries
2022-04-05 09:43:27,226:INFO:pd==1.3.4
2022-04-05 09:43:27,226:INFO:numpy==1.20.3
2022-04-05 09:43:27,226:INFO:sklearn==1.0.2
2022-04-05 09:43:27,252:INFO:xgboost==1.4.0
2022-04-05 09:43:27,252:INFO:lightgbm==3.2.1
2022-04-05 09:43:27,285:INFO:catboost==1.0.4
2022-04-05 09:43:27,736:INFO:mlflow==1.24.0
2022-04-05 09:43:27,737:INFO:Checking Exceptions
2022-04-05 09:43:27,737:INFO:Declaring global variables
2022-04-05 09:43:27,737:INFO:USI: 0c28
2022-04-05 09:43:27,737:INFO:pycaret_globals: {'prep_pipe', 'USI', '_all_models', '_all_models_internal', 'fold_groups_param', 'fold_shuffle_param', 'y', 'iterative_imputation_iters_param', 'imputation_regressor', 'imputation_classifier', 'transform_target_method_param', 'gpu_param', 'create_model_container', 'X_test', '_ml_usecase', '_gpu_n_jobs_param', 'html_param', 'target_param', 'y_train', 'fix_imbalance_method_param', 'n_jobs_param', 'fold_generator', 'fold_param', 'display_container', 'pycaret_globals', '_internal_pipeline', 'X', 'seed', 'stratify_param', '_all_metrics', 'fix_imbalance_param', 'data_before_preprocess', 'experiment__', 'y_test', 'exp_name_log', 'logging_param', 'log_plots_param', 'transform_target_param', 'X_train', '_available_plots', 'master_model_container'}
2022-04-05 09:43:27,738:INFO:Preparing display monitor
2022-04-05 09:43:27,738:INFO:Preparing display monitor
2022-04-05 09:43:27,758:INFO:Importing libraries
2022-04-05 09:43:27,758:INFO:Copying data for preprocessing
2022-04-05 09:43:27,773:INFO:Declaring preprocessing parameters
2022-04-05 09:43:27,775:INFO:Creating preprocessing pipeline
2022-04-05 09:43:27,792:INFO:Preprocessing pipeline created successfully
2022-04-05 09:43:27,796:ERROR:(Process Exit): setup has been interupted with user command 'quit'. setup must rerun.
2022-04-05 09:43:27,796:INFO:Creating global containers
2022-04-05 09:43:27,800:INFO:Internal pipeline: Pipeline(memory=None, steps=[('empty_step', 'passthrough')], verbose=False)
2022-04-05 09:49:51,676:INFO:Creating grid variables
2022-04-05 09:49:51,686:INFO:create_model_container: 0
2022-04-05 09:49:51,686:INFO:master_model_container: 0
2022-04-05 09:49:51,686:INFO:display_container: 0
2022-04-05 10:04:44,920:INFO:PyCaret Supervised Module
2022-04-05 10:04:44,921:INFO:ML Usecase: regression
2022-04-05 10:04:44,921:INFO:version 2.2.2
2022-04-05 10:04:44,921:INFO:Initializing setup()
2022-04-05 10:04:44,921:INFO:setup(target=charges, ml_usecase=regression, available_plots={'parameter': 'Hyperparameters', 'residuals': 'Residuals', 'error': 'Prediction Error', 'cooks': 'Cooks Distance', 'rfe': 'Feature Selection', 'learning': 'Learning Curve', 'manifold': 'Manifold Learning', 'vc': 'Validation Curve', 'feature': 'Feature Importance', 'feature_all': 'Feature Importance (All)', 'tree': 'Decision Tree'}, train_size=0.7, test_data=None, preprocess=True, imputation_type=simple, iterative_imputation_iters=5, categorical_features=None, categorical_imputation=constant, categorical_iterative_imputer=lightgbm, ordinal_features=None, high_cardinality_features=None, high_cardinality_method=frequency, numeric_features=None, numeric_imputation=mean, numeric_iterative_imputer=lightgbm, date_features=None, ignore_features=None, normalize=True, normalize_method=zscore, transformation=False, transformation_method=yeo-johnson, handle_unknown_categorical=True, unknown_categorical_method=least_frequent, pca=False, pca_method=linear, pca_components=None, ignore_low_variance=False, combine_rare_levels=False, rare_level_threshold=0.1, bin_numeric_features=['age', 'bmi'], remove_outliers=False, outliers_threshold=0.05, remove_multicollinearity=False, multicollinearity_threshold=0.9, remove_perfect_collinearity=True, create_clusters=False, cluster_iter=20, polynomial_features=True, polynomial_degree=2, trigonometry_features=True, polynomial_threshold=0.1, group_features=None, group_names=None, feature_selection=False, feature_selection_threshold=0.8, feature_selection_method=classic, feature_interaction=True, feature_ratio=False, interaction_threshold=0.01, fix_imbalance=False, fix_imbalance_method=None, transform_target=False, transform_target_method=box-cox, data_split_shuffle=True, data_split_stratify=False, fold_strategy=kfold, fold=10, fold_shuffle=True, fold_groups=None, n_jobs=-1, use_gpu=False, custom_pipeline=None, html=True, session_id=123, log_experiment=False, experiment_name=None, log_plots=False, log_profile=False, log_data=False, silent=False, verbose=True, profile=False, profile_kwargs=None, display=None)
2022-04-05 10:04:44,921:INFO:Checking environment
2022-04-05 10:04:44,921:INFO:python_version: 3.9.7
2022-04-05 10:04:44,921:INFO:python_build: ('default', 'Sep 16 2021 13:09:58')
2022-04-05 10:04:44,921:INFO:machine: x86_64
2022-04-05 10:04:44,930:INFO:platform: Linux-5.4.0-84-generic-x86_64-with-glibc2.27
2022-04-05 10:04:44,931:INFO:Memory: svmem(total=6507855872, available=3108954112, percent=52.2, used=3016077312, free=1920708608, active=2804858880, inactive=1469345792, buffers=89513984, cached=1481555968, shared=112279552, slab=171835392)
2022-04-05 10:04:44,932:INFO:Physical Core: 1
2022-04-05 10:04:44,932:INFO:Logical Core: 1
2022-04-05 10:04:44,932:INFO:Checking libraries
2022-04-05 10:04:44,932:INFO:pd==1.3.4
2022-04-05 10:04:44,932:INFO:numpy==1.20.3
2022-04-05 10:04:44,932:INFO:sklearn==1.0.2
2022-04-05 10:04:44,954:INFO:xgboost==1.4.0
2022-04-05 10:04:44,955:INFO:lightgbm==3.2.1
2022-04-05 10:04:44,971:INFO:catboost==1.0.4
2022-04-05 10:04:45,247:INFO:mlflow==1.24.0
2022-04-05 10:04:45,247:INFO:Checking Exceptions
2022-04-05 10:04:45,247:INFO:Declaring global variables
2022-04-05 10:04:45,248:INFO:USI: ec21
2022-04-05 10:04:45,248:INFO:pycaret_globals: {'target_param', 'fix_imbalance_method_param', '_ml_usecase', 'master_model_container', '_all_models', '_available_plots', 'logging_param', 'fold_generator', '_gpu_n_jobs_param', 'imputation_classifier', 'fold_groups_param', 'transform_target_param', 'display_container', 'data_before_preprocess', 'prep_pipe', 'pycaret_globals', 'imputation_regressor', 'y', 'html_param', 'USI', 'X', 'seed', 'fold_param', 'y_train', 'stratify_param', 'experiment__', 'gpu_param', 'X_train', 'n_jobs_param', 'log_plots_param', '_all_models_internal', 'exp_name_log', 'transform_target_method_param', 'y_test', 'iterative_imputation_iters_param', 'fold_shuffle_param', 'create_model_container', '_all_metrics', '_internal_pipeline', 'X_test', 'fix_imbalance_param'}
2022-04-05 10:04:45,248:INFO:Preparing display monitor
2022-04-05 10:04:45,248:INFO:Preparing display monitor
2022-04-05 10:04:45,265:INFO:Importing libraries
2022-04-05 10:04:45,265:INFO:Copying data for preprocessing
2022-04-05 10:04:45,270:INFO:Declaring preprocessing parameters
2022-04-05 10:04:45,272:INFO:Creating preprocessing pipeline
2022-04-05 10:04:45,290:INFO:Preprocessing pipeline created successfully
2022-04-05 10:04:45,292:ERROR:(Process Exit): setup has been interupted with user command 'quit'. setup must rerun.
2022-04-05 10:04:45,293:INFO:Creating global containers
2022-04-05 10:04:45,293:INFO:Internal pipeline: Pipeline(memory=None, steps=[('empty_step', 'passthrough')], verbose=False)
2022-04-05 10:04:48,779:INFO:Creating grid variables
2022-04-05 10:04:48,787:INFO:create_model_container: 0
2022-04-05 10:04:48,787:INFO:master_model_container: 0
2022-04-05 10:04:48,787:INFO:display_container: 0
2022-04-05 10:07:59,683:INFO:PyCaret Supervised Module
2022-04-05 10:07:59,683:INFO:ML Usecase: regression
2022-04-05 10:07:59,684:INFO:version 2.2.2
2022-04-05 10:07:59,684:INFO:Initializing setup()
2022-04-05 10:07:59,684:INFO:setup(target=charges, ml_usecase=regression, available_plots={'parameter': 'Hyperparameters', 'residuals': 'Residuals', 'error': 'Prediction Error', 'cooks': 'Cooks Distance', 'rfe': 'Feature Selection', 'learning': 'Learning Curve', 'manifold': 'Manifold Learning', 'vc': 'Validation Curve', 'feature': 'Feature Importance', 'feature_all': 'Feature Importance (All)', 'tree': 'Decision Tree'}, train_size=0.7, test_data=None, preprocess=True, imputation_type=iterative, iterative_imputation_iters=5, categorical_features=None, categorical_imputation=constant, categorical_iterative_imputer=lightgbm, ordinal_features=None, high_cardinality_features=None, high_cardinality_method=frequency, numeric_features=None, numeric_imputation=mean, numeric_iterative_imputer=lightgbm, date_features=None, ignore_features=None, normalize=True, normalize_method=zscore, transformation=False, transformation_method=yeo-johnson, handle_unknown_categorical=True, unknown_categorical_method=least_frequent, pca=False, pca_method=linear, pca_components=None, ignore_low_variance=False, combine_rare_levels=False, rare_level_threshold=0.1, bin_numeric_features=['age', 'bmi'], remove_outliers=False, outliers_threshold=0.05, remove_multicollinearity=False, multicollinearity_threshold=0.9, remove_perfect_collinearity=True, create_clusters=False, cluster_iter=20, polynomial_features=True, polynomial_degree=2, trigonometry_features=True, polynomial_threshold=0.1, group_features=None, group_names=None, feature_selection=False, feature_selection_threshold=0.8, feature_selection_method=classic, feature_interaction=True, feature_ratio=False, interaction_threshold=0.01, fix_imbalance=False, fix_imbalance_method=None, transform_target=False, transform_target_method=box-cox, data_split_shuffle=True, data_split_stratify=False, fold_strategy=kfold, fold=10, fold_shuffle=True, fold_groups=None, n_jobs=-1, use_gpu=False, custom_pipeline=None, html=True, session_id=123, log_experiment=False, experiment_name=None, log_plots=False, log_profile=False, log_data=False, silent=False, verbose=True, profile=False, profile_kwargs=None, display=None)
2022-04-05 10:07:59,684:INFO:Checking environment
2022-04-05 10:07:59,684:INFO:python_version: 3.9.7
2022-04-05 10:07:59,684:INFO:python_build: ('default', 'Sep 16 2021 13:09:58')
2022-04-05 10:07:59,684:INFO:machine: x86_64
2022-04-05 10:07:59,693:INFO:platform: Linux-5.4.0-84-generic-x86_64-with-glibc2.27
2022-04-05 10:07:59,694:INFO:Memory: svmem(total=6507855872, available=3304800256, percent=49.2, used=2769842176, free=2082754560, active=2626797568, inactive=1491062784, buffers=89997312, cached=1565261824, shared=162451456, slab=171495424)
2022-04-05 10:07:59,695:INFO:Physical Core: 1
2022-04-05 10:07:59,695:INFO:Logical Core: 1
2022-04-05 10:07:59,695:INFO:Checking libraries
2022-04-05 10:07:59,695:INFO:pd==1.3.4
2022-04-05 10:07:59,695:INFO:numpy==1.20.3
2022-04-05 10:07:59,695:INFO:sklearn==1.0.2
2022-04-05 10:07:59,712:INFO:xgboost==1.4.0
2022-04-05 10:07:59,712:INFO:lightgbm==3.2.1
2022-04-05 10:07:59,728:INFO:catboost==1.0.4
2022-04-05 10:08:00,014:INFO:mlflow==1.24.0
2022-04-05 10:08:00,014:INFO:Checking Exceptions
2022-04-05 10:08:00,015:INFO:Declaring global variables
2022-04-05 10:08:00,015:INFO:USI: 6497
2022-04-05 10:08:00,015:INFO:pycaret_globals: {'_all_metrics', 'create_model_container', 'fold_generator', 'seed', 'y_train', 'X_test', 'imputation_regressor', '_all_models_internal', 'USI', 'html_param', 'fold_shuffle_param', 'master_model_container', 'stratify_param', 'transform_target_method_param', 'fold_param', 'transform_target_param', 'pycaret_globals', 'y', 'logging_param', 'y_test', 'data_before_preprocess', 'exp_name_log', 'fix_imbalance_method_param', 'fold_groups_param', 'gpu_param', '_available_plots', 'display_container', 'experiment__', 'iterative_imputation_iters_param', 'imputation_classifier', 'target_param', 'X_train', 'X', 'fix_imbalance_param', '_all_models', '_ml_usecase', 'prep_pipe', '_gpu_n_jobs_param', 'log_plots_param', 'n_jobs_param', '_internal_pipeline'}
2022-04-05 10:08:00,015:INFO:Preparing display monitor
2022-04-05 10:08:00,015:INFO:Preparing display monitor
2022-04-05 10:08:00,032:INFO:Importing libraries
2022-04-05 10:08:00,032:INFO:Copying data for preprocessing
2022-04-05 10:08:00,041:INFO:Declaring preprocessing parameters
2022-04-05 10:08:00,043:INFO:Setting up iterative imputation
2022-04-05 10:08:00,385:INFO:Creating preprocessing pipeline
2022-04-05 10:08:00,392:INFO:Preprocessing pipeline created successfully
2022-04-05 10:08:00,392:ERROR:(Process Exit): setup has been interupted with user command 'quit'. setup must rerun.
2022-04-05 10:08:00,392:INFO:Creating global containers
2022-04-05 10:08:00,393:INFO:Internal pipeline: Pipeline(memory=None, steps=[('empty_step', 'passthrough')], verbose=False)
2022-04-05 10:08:03,495:INFO:Creating grid variables
2022-04-05 10:08:03,505:INFO:create_model_container: 0
2022-04-05 10:08:03,505:INFO:master_model_container: 0
2022-04-05 10:08:03,505:INFO:display_container: 0
2022-04-05 10:10:25,832:INFO:PyCaret Supervised Module
2022-04-05 10:10:25,832:INFO:ML Usecase: regression
2022-04-05 10:10:25,832:INFO:version 2.2.2
2022-04-05 10:10:25,833:INFO:Initializing setup()
2022-04-05 10:10:25,833:INFO:setup(target=charges, ml_usecase=regression, available_plots={'parameter': 'Hyperparameters', 'residuals': 'Residuals', 'error': 'Prediction Error', 'cooks': 'Cooks Distance', 'rfe': 'Feature Selection', 'learning': 'Learning Curve', 'manifold': 'Manifold Learning', 'vc': 'Validation Curve', 'feature': 'Feature Importance', 'feature_all': 'Feature Importance (All)', 'tree': 'Decision Tree'}, train_size=0.7, test_data=None, preprocess=True, imputation_type=iterative, iterative_imputation_iters=5, categorical_features=None, categorical_imputation=constant, categorical_iterative_imputer=lightgbm, ordinal_features=None, high_cardinality_features=None, high_cardinality_method=frequency, numeric_features=None, numeric_imputation=mean, numeric_iterative_imputer=lightgbm, date_features=None, ignore_features=None, normalize=True, normalize_method=zscore, transformation=False, transformation_method=yeo-johnson, handle_unknown_categorical=True, unknown_categorical_method=least_frequent, pca=False, pca_method=linear, pca_components=None, ignore_low_variance=False, combine_rare_levels=False, rare_level_threshold=0.1, bin_numeric_features=['age', 'bmi'], remove_outliers=False, outliers_threshold=0.05, remove_multicollinearity=False, multicollinearity_threshold=0.9, remove_perfect_collinearity=True, create_clusters=False, cluster_iter=20, polynomial_features=True, polynomial_degree=2, trigonometry_features=True, polynomial_threshold=0.1, group_features=None, group_names=None, feature_selection=False, feature_selection_threshold=0.8, feature_selection_method=classic, feature_interaction=True, feature_ratio=False, interaction_threshold=0.01, fix_imbalance=False, fix_imbalance_method=None, transform_target=False, transform_target_method=box-cox, data_split_shuffle=True, data_split_stratify=False, fold_strategy=kfold, fold=10, fold_shuffle=True, fold_groups=None, n_jobs=-1, use_gpu=False, custom_pipeline=None, html=True, session_id=123, log_experiment=False, experiment_name=None, log_plots=False, log_profile=False, log_data=False, silent=False, verbose=True, profile=False, profile_kwargs=None, display=None)
2022-04-05 10:10:25,833:INFO:Checking environment
2022-04-05 10:10:25,833:INFO:python_version: 3.9.7
2022-04-05 10:10:25,833:INFO:python_build: ('default', 'Sep 16 2021 13:09:58')
2022-04-05 10:10:25,833:INFO:machine: x86_64
2022-04-05 10:10:25,852:INFO:platform: Linux-5.4.0-84-generic-x86_64-with-glibc2.27
2022-04-05 10:10:25,852:INFO:Memory: svmem(total=6507855872, available=3346010112, percent=48.6, used=2771140608, free=2116227072, active=2640871424, inactive=1443831808, buffers=90968064, cached=1529520128, shared=119869440, slab=171610112)
2022-04-05 10:10:25,853:INFO:Physical Core: 1
2022-04-05 10:10:25,853:INFO:Logical Core: 1
2022-04-05 10:10:25,853:INFO:Checking libraries
2022-04-05 10:10:25,853:INFO:pd==1.3.4
2022-04-05 10:10:25,853:INFO:numpy==1.20.3
2022-04-05 10:10:25,853:INFO:sklearn==1.0.2
2022-04-05 10:10:25,893:INFO:xgboost==1.4.0
2022-04-05 10:10:25,893:INFO:lightgbm==3.2.1
2022-04-05 10:10:25,919:INFO:catboost==1.0.4
2022-04-05 10:10:26,231:INFO:mlflow==1.24.0
2022-04-05 10:10:26,231:INFO:Checking Exceptions
2022-04-05 10:10:26,231:INFO:Declaring global variables
2022-04-05 10:10:26,231:INFO:USI: 59db
2022-04-05 10:10:26,231:INFO:pycaret_globals: {'prep_pipe', 'fold_shuffle_param', 'fold_generator', 'log_plots_param', 'fold_param', 'stratify_param', '_all_metrics', 'exp_name_log', 'iterative_imputation_iters_param', '_all_models', 'X_train', 'pycaret_globals', 'fix_imbalance_method_param', 'n_jobs_param', 'transform_target_method_param', 'y_test', 'fix_imbalance_param', 'imputation_classifier', 'experiment__', 'y_train', 'logging_param', 'gpu_param', 'create_model_container', 'target_param', 'imputation_regressor', 'html_param', '_gpu_n_jobs_param', '_internal_pipeline', 'y', 'fold_groups_param', 'X', 'display_container', '_all_models_internal', 'X_test', 'transform_target_param', '_available_plots', 'USI', 'seed', '_ml_usecase', 'master_model_container', 'data_before_preprocess'}
2022-04-05 10:10:26,232:INFO:Preparing display monitor
2022-04-05 10:10:26,232:INFO:Preparing display monitor
2022-04-05 10:10:26,248:INFO:Importing libraries
2022-04-05 10:10:26,248:INFO:Copying data for preprocessing
2022-04-05 10:10:26,254:INFO:Declaring preprocessing parameters
2022-04-05 10:10:26,256:INFO:Setting up iterative imputation
2022-04-05 10:10:26,567:INFO:Creating preprocessing pipeline
2022-04-05 10:10:26,573:INFO:Preprocessing pipeline created successfully
2022-04-05 10:10:26,573:ERROR:(Process Exit): setup has been interupted with user command 'quit'. setup must rerun.
2022-04-05 10:10:26,573:INFO:Creating global containers
2022-04-05 10:10:26,574:INFO:Internal pipeline: Pipeline(memory=None, steps=[('empty_step', 'passthrough')], verbose=False)
2022-04-05 10:10:29,460:INFO:Creating grid variables
2022-04-05 10:10:29,468:INFO:create_model_container: 0
2022-04-05 10:10:29,468:INFO:master_model_container: 0
2022-04-05 10:10:29,468:INFO:display_container: 0
2022-04-05 12:05:15,338:INFO:PyCaret Supervised Module
2022-04-05 12:05:15,338:INFO:ML Usecase: regression
2022-04-05 12:05:15,338:INFO:version 2.2.2
2022-04-05 12:05:15,338:INFO:Initializing setup()
2022-04-05 12:05:15,338:INFO:setup(target=charges, ml_usecase=regression, available_plots={'parameter': 'Hyperparameters', 'residuals': 'Residuals', 'error': 'Prediction Error', 'cooks': 'Cooks Distance', 'rfe': 'Feature Selection', 'learning': 'Learning Curve', 'manifold': 'Manifold Learning', 'vc': 'Validation Curve', 'feature': 'Feature Importance', 'feature_all': 'Feature Importance (All)', 'tree': 'Decision Tree'}, train_size=0.7, test_data=None, preprocess=True, imputation_type=iterative, iterative_imputation_iters=5, categorical_features=None, categorical_imputation=constant, categorical_iterative_imputer=lightgbm, ordinal_features=None, high_cardinality_features=None, high_cardinality_method=frequency, numeric_features=None, numeric_imputation=mean, numeric_iterative_imputer=lightgbm, date_features=None, ignore_features=None, normalize=True, normalize_method=zscore, transformation=False, transformation_method=yeo-johnson, handle_unknown_categorical=True, unknown_categorical_method=least_frequent, pca=False, pca_method=linear, pca_components=None, ignore_low_variance=False, combine_rare_levels=False, rare_level_threshold=0.1, bin_numeric_features=['age', 'bmi'], remove_outliers=False, outliers_threshold=0.05, remove_multicollinearity=False, multicollinearity_threshold=0.9, remove_perfect_collinearity=True, create_clusters=False, cluster_iter=20, polynomial_features=True, polynomial_degree=2, trigonometry_features=True, polynomial_threshold=0.1, group_features=None, group_names=None, feature_selection=False, feature_selection_threshold=0.8, feature_selection_method=classic, feature_interaction=True, feature_ratio=False, interaction_threshold=0.01, fix_imbalance=False, fix_imbalance_method=None, transform_target=False, transform_target_method=box-cox, data_split_shuffle=True, data_split_stratify=False, fold_strategy=kfold, fold=10, fold_shuffle=True, fold_groups=None, n_jobs=-1, use_gpu=False, custom_pipeline=None, html=True, session_id=123, log_experiment=False, experiment_name=None, log_plots=False, log_profile=False, log_data=False, silent=False, verbose=True, profile=False, profile_kwargs=None, display=None)
2022-04-05 12:05:15,338:INFO:Checking environment
2022-04-05 12:05:15,338:INFO:python_version: 3.9.7
2022-04-05 12:05:15,338:INFO:python_build: ('default', 'Sep 16 2021 13:09:58')
2022-04-05 12:05:15,338:INFO:machine: x86_64
2022-04-05 12:05:15,358:INFO:platform: Linux-5.4.0-84-generic-x86_64-with-glibc2.27
2022-04-05 12:05:15,358:INFO:Memory: svmem(total=6507855872, available=3503865856, percent=46.2, used=2632056832, free=2040102912, active=2640736256, inactive=1509187584, buffers=140554240, cached=1695141888, shared=93679616, slab=186044416)
2022-04-05 12:05:15,359:INFO:Physical Core: 1
2022-04-05 12:05:15,359:INFO:Logical Core: 1
2022-04-05 12:05:15,359:INFO:Checking libraries
2022-04-05 12:05:15,359:INFO:pd==1.4.2
2022-04-05 12:05:15,359:INFO:numpy==1.20.3
2022-04-05 12:05:15,359:INFO:sklearn==1.0.2
2022-04-05 12:05:15,397:INFO:xgboost==1.4.0
2022-04-05 12:05:15,399:INFO:lightgbm==3.2.1
2022-04-05 12:05:15,432:INFO:catboost==1.0.4
2022-04-05 12:05:15,712:INFO:mlflow==1.24.0
2022-04-05 12:05:15,712:INFO:Checking Exceptions
2022-04-05 12:05:15,712:INFO:Declaring global variables
2022-04-05 12:05:15,713:INFO:USI: 3e09
2022-04-05 12:05:15,713:INFO:pycaret_globals: {'fold_param', 'create_model_container', 'log_plots_param', 'prep_pipe', '_all_models', 'fix_imbalance_param', 'html_param', 'X_test', 'y_train', '_all_models_internal', 'transform_target_method_param', 'USI', 'X', 'data_before_preprocess', 'fold_groups_param', '_available_plots', 'gpu_param', '_internal_pipeline', 'y_test', 'imputation_regressor', 'fix_imbalance_method_param', 'exp_name_log', 'display_container', 'imputation_classifier', 'experiment__', 'seed', 'stratify_param', '_ml_usecase', '_all_metrics', '_gpu_n_jobs_param', 'logging_param', 'fold_generator', 'pycaret_globals', 'n_jobs_param', 'master_model_container', 'transform_target_param', 'target_param', 'y', 'fold_shuffle_param', 'iterative_imputation_iters_param', 'X_train'}
2022-04-05 12:05:15,713:INFO:Preparing display monitor
2022-04-05 12:05:15,713:INFO:Preparing display monitor
2022-04-05 12:05:15,727:INFO:Importing libraries
2022-04-05 12:05:15,727:INFO:Copying data for preprocessing
2022-04-05 12:05:15,732:INFO:Declaring preprocessing parameters
2022-04-05 12:05:15,736:INFO:Setting up iterative imputation
2022-04-05 12:05:16,029:INFO:Creating preprocessing pipeline
2022-04-05 12:05:16,034:INFO:Preprocessing pipeline created successfully
2022-04-05 12:05:16,034:ERROR:(Process Exit): setup has been interupted with user command 'quit'. setup must rerun.
2022-04-05 12:05:16,034:INFO:Creating global containers
2022-04-05 12:05:16,035:INFO:Internal pipeline: Pipeline(memory=None, steps=[('empty_step', 'passthrough')], verbose=False)
2022-04-05 12:05:19,067:INFO:Creating grid variables
2022-04-05 12:05:19,077:INFO:create_model_container: 0
2022-04-05 12:05:19,077:INFO:master_model_container: 0
2022-04-05 12:05:19,077:INFO:display_container: 0
2022-04-05 12:13:40,632:INFO:PyCaret Supervised Module
2022-04-05 12:13:40,632:INFO:ML Usecase: regression
2022-04-05 12:13:40,632:INFO:version 2.2.2
2022-04-05 12:13:40,632:INFO:Initializing setup()
2022-04-05 12:13:40,632:INFO:setup(target=charges, ml_usecase=regression, available_plots={'parameter': 'Hyperparameters', 'residuals': 'Residuals', 'error': 'Prediction Error', 'cooks': 'Cooks Distance', 'rfe': 'Feature Selection', 'learning': 'Learning Curve', 'manifold': 'Manifold Learning', 'vc': 'Validation Curve', 'feature': 'Feature Importance', 'feature_all': 'Feature Importance (All)', 'tree': 'Decision Tree'}, train_size=0.7, test_data=None, preprocess=True, imputation_type=iterative, iterative_imputation_iters=5, categorical_features=None, categorical_imputation=constant, categorical_iterative_imputer=lightgbm, ordinal_features=None, high_cardinality_features=None, high_cardinality_method=frequency, numeric_features=None, numeric_imputation=mean, numeric_iterative_imputer=lightgbm, date_features=None, ignore_features=None, normalize=True, normalize_method=zscore, transformation=False, transformation_method=yeo-johnson, handle_unknown_categorical=True, unknown_categorical_method=least_frequent, pca=False, pca_method=linear, pca_components=None, ignore_low_variance=False, combine_rare_levels=False, rare_level_threshold=0.1, bin_numeric_features=['age', 'bmi'], remove_outliers=False, outliers_threshold=0.05, remove_multicollinearity=False, multicollinearity_threshold=0.9, remove_perfect_collinearity=True, create_clusters=False, cluster_iter=20, polynomial_features=True, polynomial_degree=2, trigonometry_features=True, polynomial_threshold=0.1, group_features=None, group_names=None, feature_selection=False, feature_selection_threshold=0.8, feature_selection_method=classic, feature_interaction=True, feature_ratio=False, interaction_threshold=0.01, fix_imbalance=False, fix_imbalance_method=None, transform_target=False, transform_target_method=box-cox, data_split_shuffle=True, data_split_stratify=False, fold_strategy=kfold, fold=10, fold_shuffle=True, fold_groups=None, n_jobs=-1, use_gpu=False, custom_pipeline=None, html=True, session_id=123, log_experiment=False, experiment_name=None, log_plots=False, log_profile=False, log_data=False, silent=False, verbose=True, profile=False, profile_kwargs=None, display=None)
2022-04-05 12:13:40,632:INFO:Checking environment
2022-04-05 12:13:40,632:INFO:python_version: 3.9.7
2022-04-05 12:13:40,632:INFO:python_build: ('default', 'Sep 16 2021 13:09:58')
2022-04-05 12:13:40,632:INFO:machine: x86_64
2022-04-05 12:13:40,658:INFO:platform: Linux-5.4.0-84-generic-x86_64-with-glibc2.27
2022-04-05 12:13:40,659:INFO:Memory: svmem(total=6507855872, available=3359965184, percent=48.4, used=2754998272, free=1892675584, active=2774171648, inactive=1521127424, buffers=141250560, cached=1718931456, shared=114630656, slab=186281984)
2022-04-05 12:13:40,660:INFO:Physical Core: 1
2022-04-05 12:13:40,660:INFO:Logical Core: 1
2022-04-05 12:13:40,660:INFO:Checking libraries
2022-04-05 12:13:40,660:INFO:pd==1.4.2
2022-04-05 12:13:40,660:INFO:numpy==1.20.3
2022-04-05 12:13:40,660:INFO:sklearn==1.0.2
2022-04-05 12:13:40,710:INFO:xgboost==1.4.0
2022-04-05 12:13:40,710:INFO:lightgbm==3.2.1
2022-04-05 12:13:40,753:INFO:catboost==1.0.4
2022-04-05 12:13:41,343:INFO:mlflow==1.24.0
2022-04-05 12:13:41,343:INFO:Checking Exceptions
2022-04-05 12:13:41,343:INFO:Declaring global variables
2022-04-05 12:13:41,344:INFO:USI: ae75
2022-04-05 12:13:41,344:INFO:pycaret_globals: {'master_model_container', 'pycaret_globals', 'n_jobs_param', 'target_param', 'data_before_preprocess', 'fold_groups_param', 'X_train', 'y_train', 'seed', 'prep_pipe', 'fix_imbalance_param', 'stratify_param', 'y_test', 'logging_param', 'transform_target_method_param', 'imputation_classifier', '_all_metrics', 'fold_param', '_internal_pipeline', 'X', 'USI', '_all_models', 'y', 'display_container', '_ml_usecase', '_all_models_internal', 'gpu_param', 'transform_target_param', 'exp_name_log', 'experiment__', '_available_plots', 'log_plots_param', 'iterative_imputation_iters_param', '_gpu_n_jobs_param', 'fold_shuffle_param', 'fix_imbalance_method_param', 'imputation_regressor', 'fold_generator', 'html_param', 'create_model_container', 'X_test'}
2022-04-05 12:13:41,344:INFO:Preparing display monitor
2022-04-05 12:13:41,344:INFO:Preparing display monitor
2022-04-05 12:13:41,365:INFO:Importing libraries
2022-04-05 12:13:41,365:INFO:Copying data for preprocessing
2022-04-05 12:13:41,376:INFO:Declaring preprocessing parameters
2022-04-05 12:13:41,378:INFO:Setting up iterative imputation
2022-04-05 12:13:41,998:INFO:Creating preprocessing pipeline
2022-04-05 12:13:42,006:INFO:Preprocessing pipeline created successfully
2022-04-05 12:13:42,006:ERROR:(Process Exit): setup has been interupted with user command 'quit'. setup must rerun.
2022-04-05 12:13:42,006:INFO:Creating global containers
2022-04-05 12:13:42,007:INFO:Internal pipeline: Pipeline(memory=None, steps=[('empty_step', 'passthrough')], verbose=False)
2022-04-05 12:13:45,657:INFO:Creating grid variables
2022-04-05 12:13:45,668:INFO:create_model_container: 0
2022-04-05 12:13:45,668:INFO:master_model_container: 0
2022-04-05 12:13:45,668:INFO:display_container: 0
2022-04-05 12:14:14,968:INFO:Initializing load_model()
2022-04-05 12:14:14,969:INFO:load_model(model_name=model, platform=None, authentication=None, verbose=True)
2022-04-05 12:14:33,885:INFO:PyCaret Supervised Module
2022-04-05 12:14:33,885:INFO:ML Usecase: regression
2022-04-05 12:14:33,885:INFO:version 2.2.2
2022-04-05 12:14:33,885:INFO:Initializing setup()
2022-04-05 12:14:33,886:INFO:setup(target=charges, ml_usecase=regression, available_plots={'parameter': 'Hyperparameters', 'residuals': 'Residuals', 'error': 'Prediction Error', 'cooks': 'Cooks Distance', 'rfe': 'Feature Selection', 'learning': 'Learning Curve', 'manifold': 'Manifold Learning', 'vc': 'Validation Curve', 'feature': 'Feature Importance', 'feature_all': 'Feature Importance (All)', 'tree': 'Decision Tree'}, train_size=0.7, test_data=None, preprocess=True, imputation_type=iterative, iterative_imputation_iters=5, categorical_features=None, categorical_imputation=constant, categorical_iterative_imputer=lightgbm, ordinal_features=None, high_cardinality_features=None, high_cardinality_method=frequency, numeric_features=None, numeric_imputation=mean, numeric_iterative_imputer=lightgbm, date_features=None, ignore_features=None, normalize=True, normalize_method=zscore, transformation=False, transformation_method=yeo-johnson, handle_unknown_categorical=True, unknown_categorical_method=least_frequent, pca=False, pca_method=linear, pca_components=None, ignore_low_variance=False, combine_rare_levels=False, rare_level_threshold=0.1, bin_numeric_features=['age', 'bmi'], remove_outliers=False, outliers_threshold=0.05, remove_multicollinearity=False, multicollinearity_threshold=0.9, remove_perfect_collinearity=True, create_clusters=False, cluster_iter=20, polynomial_features=True, polynomial_degree=2, trigonometry_features=True, polynomial_threshold=0.1, group_features=None, group_names=None, feature_selection=False, feature_selection_threshold=0.8, feature_selection_method=classic, feature_interaction=True, feature_ratio=False, interaction_threshold=0.01, fix_imbalance=False, fix_imbalance_method=None, transform_target=False, transform_target_method=box-cox, data_split_shuffle=True, data_split_stratify=False, fold_strategy=kfold, fold=10, fold_shuffle=True, fold_groups=None, n_jobs=-1, use_gpu=False, custom_pipeline=None, html=True, session_id=123, log_experiment=False, experiment_name=None, log_plots=False, log_profile=False, log_data=False, silent=False, verbose=True, profile=False, profile_kwargs=None, display=None)
2022-04-05 12:14:33,886:INFO:Checking environment
2022-04-05 12:14:33,886:INFO:python_version: 3.9.7
2022-04-05 12:14:33,886:INFO:python_build: ('default', 'Sep 16 2021 13:09:58')
2022-04-05 12:14:33,886:INFO:machine: x86_64
2022-04-05 12:14:33,909:INFO:platform: Linux-5.4.0-84-generic-x86_64-with-glibc2.27
2022-04-05 12:14:33,910:INFO:Memory: svmem(total=6507855872, available=3407286272, percent=47.6, used=2723549184, free=1939292160, active=2763599872, inactive=1484578816, buffers=141557760, cached=1703456768, shared=98758656, slab=186232832)
2022-04-05 12:14:33,911:INFO:Physical Core: 1
2022-04-05 12:14:33,911:INFO:Logical Core: 1
2022-04-05 12:14:33,911:INFO:Checking libraries
2022-04-05 12:14:33,912:INFO:pd==1.4.2
2022-04-05 12:14:33,912:INFO:numpy==1.20.3
2022-04-05 12:14:33,912:INFO:sklearn==1.0.2
2022-04-05 12:14:33,969:INFO:xgboost==1.4.0
2022-04-05 12:14:33,973:INFO:lightgbm==3.2.1
2022-04-05 12:14:34,021:INFO:catboost==1.0.4
2022-04-05 12:14:34,679:INFO:mlflow==1.24.0
2022-04-05 12:14:34,679:INFO:Checking Exceptions
2022-04-05 12:14:34,679:INFO:Declaring global variables
2022-04-05 12:14:34,679:INFO:USI: 98cd
2022-04-05 12:14:34,680:INFO:pycaret_globals: {'_all_models', 'USI', '_ml_usecase', '_gpu_n_jobs_param', 'fix_imbalance_param', '_all_models_internal', 'transform_target_param', 'imputation_regressor', 'X_test', 'fold_shuffle_param', 'pycaret_globals', 'html_param', '_internal_pipeline', 'gpu_param', 'transform_target_method_param', 'imputation_classifier', 'data_before_preprocess', 'create_model_container', 'iterative_imputation_iters_param', 'X', 'experiment__', 'y', 'exp_name_log', 'y_train', 'master_model_container', 'log_plots_param', 'target_param', 'fold_generator', 'X_train', 'display_container', 'fold_param', 'n_jobs_param', 'seed', 'stratify_param', 'fix_imbalance_method_param', '_all_metrics', 'y_test', 'logging_param', '_available_plots', 'fold_groups_param', 'prep_pipe'}
2022-04-05 12:14:34,680:INFO:Preparing display monitor
2022-04-05 12:14:34,680:INFO:Preparing display monitor
2022-04-05 12:14:34,710:INFO:Importing libraries
2022-04-05 12:14:34,710:INFO:Copying data for preprocessing
2022-04-05 12:14:34,728:INFO:Declaring preprocessing parameters
2022-04-05 12:14:34,731:INFO:Setting up iterative imputation
2022-04-05 12:14:35,458:INFO:Creating preprocessing pipeline
2022-04-05 12:14:35,465:INFO:Preprocessing pipeline created successfully
2022-04-05 12:14:35,466:ERROR:(Process Exit): setup has been interupted with user command 'quit'. setup must rerun.
2022-04-05 12:14:35,466:INFO:Creating global containers
2022-04-05 12:14:35,467:INFO:Internal pipeline: Pipeline(memory=None, steps=[('empty_step', 'passthrough')], verbose=False)
2022-04-05 12:15:50,509:INFO:Creating grid variables
2022-04-05 12:15:50,519:INFO:create_model_container: 0
2022-04-05 12:15:50,519:INFO:master_model_container: 0
2022-04-05 12:15:50,519:INFO:display_container: 0
2022-04-05 12:20:35,236:INFO:Initializing load_model()
2022-04-05 12:20:35,237:INFO:load_model(model_name=model, platform=None, authentication=None, verbose=True)
